<?xml version="1.0" encoding="UTF-8"?>
<!-- Generated by org.testng.reporters.JUnitReportReporter -->
<testsuite skipped="0" hostname="ip-172-31-31-175" name="test.LoginPageTest" tests="2" failures="0" timestamp="2021-12-15T06:07:09 UTC" time="2.902" errors="0">
  <testcase name="NegetiveLoginTest" time="1.436" classname="test.LoginPageTest"/>
  <system-out/>
  <testcase name="PositiveLoginTest" time="1.466" classname="test.LoginPageTest"/>
  <system-out/>
</testsuite> <!-- test.LoginPageTest -->
