<?xml version="1.0" encoding="UTF-8"?>
<!-- Generated by org.testng.reporters.JUnitReportReporter -->
<testsuite skipped="0" hostname="ip-172-31-31-175" name="test.AfterLoginTest" tests="1" failures="0" timestamp="2021-12-15T06:07:09 UTC" time="2.086" errors="0">
  <testcase name="afterLogin" time="2.086" classname="test.AfterLoginTest"/>
  <system-out/>
</testsuite> <!-- test.AfterLoginTest -->
