<?xml version="1.0" encoding="UTF-8"?>
<!-- Generated by org.testng.reporters.JUnitReportReporter -->
<testsuite skipped="0" hostname="ip-172-31-31-175" name="test.SignUpPageTest" tests="1" failures="0" timestamp="2021-12-15T06:07:09 UTC" time="2.330" errors="0">
  <testcase name="signupTest" time="2.330" classname="test.SignUpPageTest"/>
  <system-out/>
</testsuite> <!-- test.SignUpPageTest -->
