<?xml version="1.0" encoding="UTF-8"?>
<!-- Generated by org.testng.reporters.JUnitReportReporter -->
<testsuite skipped="0" hostname="ip-172-31-31-175" name="test.LoginPageTest" tests="2" failures="0" timestamp="15 Dec 2021 06:06:45 GMT" time="2.956" errors="0">
  <testcase name="PositiveLoginTest" time="1.491" classname="test.LoginPageTest"/>
  <testcase name="NegetiveLoginTest" time="1.465" classname="test.LoginPageTest"/>
</testsuite> <!-- test.LoginPageTest -->
