<?xml version="1.0" encoding="UTF-8"?>
<!-- Generated by org.testng.reporters.JUnitReportReporter -->
<testsuite skipped="0" hostname="ip-172-31-31-175" name="test.SignUpPageTest" tests="1" failures="0" timestamp="10 Dec 2021 15:54:42 GMT" time="1.945" errors="0">
  <testcase name="signupTest" time="1.945" classname="test.SignUpPageTest"/>
</testsuite> <!-- test.SignUpPageTest -->
