<?xml version="1.0" encoding="UTF-8"?>
<!-- Generated by org.testng.reporters.JUnitReportReporter -->
<testsuite skipped="0" hostname="ip-172-31-31-175" name="test.SignUpPageTest" tests="1" failures="0" timestamp="15 Dec 2021 06:06:45 GMT" time="2.091" errors="0">
  <testcase name="signupTest" time="2.091" classname="test.SignUpPageTest"/>
</testsuite> <!-- test.SignUpPageTest -->
