<?xml version="1.0" encoding="UTF-8"?>
<!-- Generated by org.testng.reporters.JUnitReportReporter -->
<testsuite skipped="0" hostname="ip-172-31-31-175" name="test.AfterLoginTest" tests="1" failures="0" timestamp="12 Dec 2021 14:35:01 GMT" time="1.904" errors="0">
  <testcase name="afterLogin" time="1.904" classname="test.AfterLoginTest"/>
</testsuite> <!-- test.AfterLoginTest -->
