<?xml version="1.0" encoding="UTF-8"?>
<!-- Generated by org.testng.reporters.JUnitReportReporter -->
<testsuite skipped="0" hostname="ip-172-31-31-175" name="test.AfterLoginTest" tests="1" failures="0" timestamp="15 Dec 2021 06:06:45 GMT" time="2.220" errors="0">
  <testcase name="afterLogin" time="2.220" classname="test.AfterLoginTest"/>
</testsuite> <!-- test.AfterLoginTest -->
